Stack: dbss-manualsnapshotdeletions-pilot; Writing params to file parameters/pilot/dbss_manualsnapshotdeletions_pilot.yml
Writing output to stack_master.yml

Fetching stack information: |==========================================================================================================================================|
REGION    | STACK_NAME                         | STACK_STATUS | DIFFERENT
----------|------------------------------------|--------------|----------
us-east-1 | dbss-manualsnapshotdeletions-pilot |              | Yes      
 * No echo parameters can't be diffed
Executing apply on dbss-manualsnapshotdeletions-pilot in us-east-1
Stack diff: 
+---
+AWSTemplateFormatVersion: "2010-09-09"
+Description: AWS CloudFormation Template to deploy Manual snapshot deletion and notification lambda function.
+Metadata:
+  AWS::CloudFormation::Interface:
+    ParameterGroups:
+      ################################################
+      # Lambda Function
+      #############################################
+      - Label:
+          default: Input Details for Lambda Function's
+        Parameters:
+          - VPCAlias
+          - CodeBucketName
+      ###########################################
+      # rds-manualsnapshot-deletion Lambda
+      ###########################################    
+      - Label:
+          default: rds-manualsnapshot-deletion Lambda Configuration
+        Parameters:
+          - SnapshotDeletionS3File
+          - SnapshotDeletionModuleName
+      ###########################################
+      # rds-retention-days-policy-notification Lambda
+      ###########################################
+      - Label:
+          default: rds-retention-days-policy-notification Lambda Configuration
+        Parameters: 
+          - SnapshotRetentionDaysS3File
+          - SnapshotRetentionDaysModuleName
+Parameters:
+  VPCAlias:
+    Description: "The VPC alias within this account. This is logical label identifying execution environment."
+    Default: ""
+    Type: String
+  UAI:
+    Type: String
+    Description: The UAI of the application being charged for usage.
+    ConstraintDescription: The UAI must be valid, but specified as 'UAI' or 'uai' followed by 7 digits
+    AllowedPattern: '^(UAI|uai)[0-9]*$'
+    MinLength: 10
+    MaxLength: 10
+    Default: 'UAI3036792'
+
+  CodeBucketName:
+    Description: "Optional. Name of S3 bucket with Lambda code and scripts are stored"
+    Default: ""
+    Type: String
+  SnapshotDeletionS3File:
+    Description: The name of the ZIP package
+    Default: "lambda/rds-manualsnapshot-deletion/rds-manualsnapshot-deletion.zip"
+    Type: String
+  SnapshotDeletionModuleName:
+    Description: The name of the Python file
+    Default: "rds-manualsnapshot-deletion"
+    Type: String
+  SnapshotRetentionDaysS3File:
+    Description: The name of the ZIP package
+    Default: "lambda/rds-retention-days-policy-notification/rds-retention-days-policy-notification.zip"
+    Type: String
+  SnapshotRetentionDaysModuleName:
+    Description: The name of the Python file
+    Default: "rds-retention-days-policy-notification"
+    Type: String
+
+Conditions:
+  HasCodeBucketName: !Not [!Equals [!Ref CodeBucketName, '']]
+Resources:
+  lambdardsdeletion:
+    Type: AWS::IAM::Role
+    Properties:
+      RoleName: !Sub '${VPCAlias}-LambdaRdsDeletion'
+      AssumeRolePolicyDocument:
+        Version: '2012-10-17'
+        Statement:
+        - Effect: Allow
+          Principal:
+              Service: lambda.amazonaws.com
+          Action:
+          - sts:AssumeRole
+
+  rdsDescribeSnapshot:
+    Type: AWS::IAM::ManagedPolicy
+    DependsOn:
+      - lambdardsdeletion      
+    Properties:
+      Description: To list all the rds db snapshots
+      Path: /
+      Roles:
+        - !Ref lambdardsdeletion
+      ManagedPolicyName:  !Sub '${VPCAlias}-RdsDescribeSnapshot'
+      PolicyDocument:
+        Version: 2012-10-17
+        Statement:
+          - Sid: DescribeRdsSnapshot
+            Effect: Allow
+            Action:
+              - rds:ListTagsForResource
+              - rds:DescribeDBSnapshots
+            Resource:
+              - Fn::Sub: "arn:${AWS::Partition}:rds:${AWS::Region}:${AWS::AccountId}:snapshot:*"
+          - Sid: SendSnsNotification
+            Effect: Allow
+            Action:
+             - "sns:Publish"
+            Resource: 
+             - Fn::Sub: "arn:${AWS::Partition}:sns:${AWS::Region}:${AWS::AccountId}:DB-MSSQL-SNS"
+             - Fn::Sub: "arn:${AWS::Partition}:sns:${AWS::Region}:${AWS::AccountId}:DB-MySQL-SNS"
+             - Fn::Sub: "arn:${AWS::Partition}:sns:${AWS::Region}:${AWS::AccountId}:DB-ORACLE-SNS"
+             - Fn::Sub: "arn:${AWS::Partition}:sns:${AWS::Region}:${AWS::AccountId}:DB-POSTGRESQL-SNS"
+
+          - Sid: DeleteRdsSnapshot
+            Effect: Allow
+            Action:
+              - "rds:DeleteDBSnapshot"
+            Resource:
+              - Fn::Sub: "arn:${AWS::Partition}:rds:${AWS::Region}:${AWS::AccountId}:snapshot:*"
+            Condition:
+              StringEquals:
+                rds:snapshot-tag/support-group:
+                  - "dig-tech-cts-cloud-db-support-team"
+              StringNotEquals:
+                rds:snapshot-tag/retention-days:
+                  - ""
+  RdsSnapshotDeletionLambdaFunction:
+    DependsOn: 
+      - rdsDescribeSnapshot
+      - lambdardsdeletion
+    Type: AWS::Lambda::Function                 
+    Description: To remove the rds snapshot based on Condition
+    Properties: 
+      FunctionName: !Sub '${VPCAlias}-rds-manualsnapshot-deletion'
+      Code:
+        S3Bucket: !If [ HasCodeBucketName, !Ref CodeBucketName, { "Fn::ImportValue" : !Sub "s3:${VPCAlias}:code:name" } ] 
+        S3Key: !Ref SnapshotDeletionS3File
+      Runtime: python3.8
+      Timeout: 300
+      MemorySize: 1024
+      Handler: 
+        Fn::Join:
+          - ''
+          - - Ref: SnapshotDeletionModuleName
+            - ".lambda_handler"
+      Role: !GetAtt 
+        - lambdardsdeletion
+        - Arn
+      Tags:
+        - Key: support-group
+          Value: dig-tech-cts-cloud-db-support-team
+        - Key: 'Name'
+          Value: !Sub 'rds-retention-days-policy-notification-${VPCAlias}'
+        - Key: 'env'
+          Value: 'test'
+        - Key: 'uai'
+          Value: !Sub '${UAI}'
+          
+  LambdaRDSSnapshotDeletionScheduledRule: 
+    Type: AWS::Events::Rule
+    Description: Triggers the RDS Snapshot Deletion Lambda Function
+    Properties:
+    
+      ScheduleExpression: !Join 
+        - ''
+        - - cron(
+          -  0/5 * * * ? *
+          - )
+      State: "ENABLED"
+      Targets: 
+        - 
+          Arn: 
+            Fn::GetAtt: 
+              - "RdsSnapshotDeletionLambdaFunction"
+              - "Arn"
+          Id: "TargetLambdaV1"
+  PermissionForDeletionEventsToInvokeLambda: 
+    Type: AWS::Lambda::Permission
+    Properties: 
+      FunctionName: !Ref "RdsSnapshotDeletionLambdaFunction"
+      Action: "lambda:InvokeFunction"
+      Principal: "events.amazonaws.com"
+      SourceArn: 
+        Fn::GetAtt: 
+          - "LambdaRDSSnapshotDeletionScheduledRule"
+          - "Arn"
+
+  RdsSnapshotNotificationLambdaFunction:
+    DependsOn: 
+      - rdsDescribeSnapshot
+      - lambdardsdeletion
+    Type: AWS::Lambda::Function                 
+    Description: Send Notification to user 
+    Properties: 
+      FunctionName: !Sub '${VPCAlias}-rds-retention-days-policy-notification'
+      Code:
+        S3Bucket: !If [ HasCodeBucketName, !Ref CodeBucketName, { "Fn::ImportValue" : !Sub "s3:${VPCAlias}:code:name" } ]
+        S3Key: !Ref  SnapshotRetentionDaysS3File
+      Runtime: python3.8
+      Timeout: 900
+      MemorySize: 1024
+      Handler: 
+        Fn::Join:
+          - ''
+          - - Ref: SnapshotRetentionDaysModuleName
+            - ".lambda_handler"
+      Role: !GetAtt 
+        - lambdardsdeletion
+        - Arn
+      Tags:
+        - Key: support-group
+          Value: dig-tech-cts-cloud-db-support-team
+        - Key: 'Name'
+          Value: !Sub 'rds-retention-days-policy-notification-${VPCAlias}'
+        - Key: 'env'
+          Value: 'test'
+        - Key: 'uai'
+          Value: !Sub '${UAI}'  
+ 
+ 
+ 
+  LambdaRetentionDaysNotificationScheduledRule: 
+    Type: AWS::Events::Rule
+    Description: Triggers the Retention days tag policy notification Lambda Function
+    Properties:
+    
+      ScheduleExpression: !Join 
+        - ''
+        - - cron(
+          -  0/10 * * * ? *
+          - )
+      State: "ENABLED"
+      Targets: 
+        - 
+          Arn: 
+            Fn::GetAtt: 
+              - "RdsSnapshotNotificationLambdaFunction"
+              - "Arn"
+          Id: "TargetLambdaV1"
+  PermissionForNotificationEventsToInvokeLambda: 
+    Type: AWS::Lambda::Permission
+    Properties: 
+      FunctionName: !Ref "RdsSnapshotNotificationLambdaFunction"
+      Action: "lambda:InvokeFunction"
+      Principal: "events.amazonaws.com"
+      SourceArn: 
+        Fn::GetAtt: 
+          - "LambdaRetentionDaysNotificationScheduledRule"
+          - "Arn"
+
+
+
+
+
Parameters diff: 
+---
+CodeBucketName: ''
+SnapshotDeletionModuleName: rds-manualsnapshot-deletion
+SnapshotDeletionS3File: lambda/rds-manualsnapshot-deletion/1/rds-manualsnapshot-deletion.zip
+SnapshotRetentionDaysModuleName: rds-retention-days-policy-notification
+SnapshotRetentionDaysS3File: lambda/rds-retention-days-policy-notification/1/rds-retention-days-policy-notification.zip
+UAI: UAI3036792
+VPCAlias: pilot
No stack found
Create stack (y/n)? y
2021-05-19 15:46:27 +0000 dbss-manualsnapshotdeletions-pilot AWS::CloudFormation::Stack CREATE_IN_PROGRESS User Initiated
2021-05-19 15:46:32 +0000 lambdardsdeletion AWS::IAM::Role CREATE_IN_PROGRESS 
2021-05-19 15:46:33 +0000 lambdardsdeletion AWS::IAM::Role CREATE_IN_PROGRESS Resource creation Initiated
2021-05-19 15:46:47 +0000 lambdardsdeletion AWS::IAM::Role CREATE_COMPLETE 
2021-05-19 15:46:49 +0000 rdsDescribeSnapshot AWS::IAM::ManagedPolicy CREATE_IN_PROGRESS 
2021-05-19 15:46:50 +0000 rdsDescribeSnapshot AWS::IAM::ManagedPolicy CREATE_IN_PROGRESS Resource creation Initiated
2021-05-19 15:47:03 +0000 rdsDescribeSnapshot AWS::IAM::ManagedPolicy CREATE_COMPLETE 
2021-05-19 15:47:06 +0000 RdsSnapshotDeletionLambdaFunction AWS::Lambda::Function CREATE_IN_PROGRESS 
2021-05-19 15:47:07 +0000 RdsSnapshotNotificationLambdaFunction AWS::Lambda::Function CREATE_IN_PROGRESS 
2021-05-19 15:47:08 +0000 RdsSnapshotDeletionLambdaFunction AWS::Lambda::Function CREATE_IN_PROGRESS Resource creation Initiated
2021-05-19 15:47:09 +0000 RdsSnapshotNotificationLambdaFunction AWS::Lambda::Function CREATE_IN_PROGRESS Resource creation Initiated
2021-05-19 15:47:11 +0000 RdsSnapshotDeletionLambdaFunction AWS::Lambda::Function CREATE_COMPLETE 
2021-05-19 15:47:12 +0000 RdsSnapshotNotificationLambdaFunction AWS::Lambda::Function CREATE_COMPLETE 
2021-05-19 15:47:14 +0000 LambdaRDSSnapshotDeletionScheduledRule AWS::Events::Rule CREATE_IN_PROGRESS 
2021-05-19 15:47:15 +0000 LambdaRDSSnapshotDeletionScheduledRule AWS::Events::Rule CREATE_IN_PROGRESS Resource creation Initiated
2021-05-19 15:47:15 +0000 LambdaRetentionDaysNotificationScheduledRule AWS::Events::Rule CREATE_IN_PROGRESS 
2021-05-19 15:47:16 +0000 LambdaRetentionDaysNotificationScheduledRule AWS::Events::Rule CREATE_IN_PROGRESS Resource creation Initiated
2021-05-19 15:48:16 +0000 LambdaRDSSnapshotDeletionScheduledRule AWS::Events::Rule CREATE_COMPLETE 
2021-05-19 15:48:16 +0000 LambdaRetentionDaysNotificationScheduledRule AWS::Events::Rule CREATE_COMPLETE 
2021-05-19 15:48:18 +0000 PermissionForDeletionEventsToInvokeLambda AWS::Lambda::Permission CREATE_IN_PROGRESS 
2021-05-19 15:48:18 +0000 PermissionForDeletionEventsToInvokeLambda AWS::Lambda::Permission CREATE_IN_PROGRESS Resource creation Initiated
2021-05-19 15:48:19 +0000 PermissionForNotificationEventsToInvokeLambda AWS::Lambda::Permission CREATE_IN_PROGRESS 
2021-05-19 15:48:19 +0000 PermissionForNotificationEventsToInvokeLambda AWS::Lambda::Permission CREATE_IN_PROGRESS Resource creation Initiated
2021-05-19 15:48:29 +0000 PermissionForDeletionEventsToInvokeLambda AWS::Lambda::Permission CREATE_COMPLETE 
2021-05-19 15:48:29 +0000 PermissionForNotificationEventsToInvokeLambda AWS::Lambda::Permission CREATE_COMPLETE 
2021-05-19 15:48:31 +0000 dbss-manualsnapshotdeletions-pilot AWS::CloudFormation::Stack CREATE_COMPLETE 
